Microsemi Libero Software
Version: 11.7.1.14
Release: v11.7 SP1.1

Info: The design
      C:/Users/niechris/Documents/373_project/373-BumperBot-master/373-BumperBot-master/car/des\
      igner/impl1/car.adb was last modified by software version 11.7.1.14.
Opened an existing Libero design
C:/Users/niechris/Documents/373_project/373-BumperBot-master/373-BumperBot-master/car/designer/\
impl1/car.adb.

The Export-map command succeeded ( 00:00:10 )
CHECKSUM: C9DB
Wrote to the file:
C:\Users\niechris\Documents\373_project\373-BumperBot-master\373-BumperBot-master\car\designer\\
impl1\car.fdb

The Export command succeeded ( 00:00:13 )
Design saved to file
C:/Users/niechris/Documents/373_project/373-BumperBot-master/373-BumperBot-master/car/designer/\
impl1/car.adb.

The Execute Script command succeeded ( 00:00:14 )
Design closed.

