FlashPro
Version: 11.7.1.14
Release: v11.7 SP1.1

Software Version: 11.7.1.14
PDB file 'C:\Users\weeyizhi\Downloads\car\designer\impl1\car_fp\car.pdb' has been loaded
successfully.
DESIGN : car;  CHECKSUM : DE77;  PDB_VERSION : 1.9
Driver : 3.0.0 build 1
programmer '80363' : FlashPro3
Opened 'C:\Users\weeyizhi\Downloads\car\designer\impl1\car_fp\car.pro'
The 'open_project' command succeeded.
The 'set_programming_file' command succeeded.
The 'set_device_type' command succeeded.
The 'set_device_package' command succeeded.
Info: Adding Flash Memory data from file
      C:\Users\weeyizhi\Downloads\car\component\work\car_MSS\MSS_ENVM_0\MSS_ENVM_0.efc.
Info: Adding FPGA Array data from file C:\Users\weeyizhi\Downloads\car\designer\impl1\car.fdb.
PDB file 'C:\Users\weeyizhi\Downloads\car\designer\impl1\car_fp\car.pdb' has been loaded
successfully.
DESIGN : car;  CHECKSUM : DE77;  PDB_VERSION : 1.9
The 'update_programming_file' command succeeded.
The 'set_programming_action' command succeeded.
programmer '80363' : Scan Chain...
Warning: programmer '80363' : Vpump has been selected on programmer AND an externally provided
         Vpump has also been detected. Using externally provided Vpump voltage source.
programmer '80363' : Scan Chain PASSED.
programmer '80363' : Executing action PROGRAM
programmer '80363' : EXPORT FSN[48] = 0114ab581c74
programmer '80363' : Erase ...
programmer '80363' : Completed erase
programmer '80363' : EXPORT CHECKSUM: [16] = de77
programmer '80363' : Programming FPGA Array
programmer '80363' : Verifying FPGA Array
programmer '80363' :         Verifying FPGA Array -- pass
programmer '80363' : Program System Init and Boot Clients...
programmer '80363' : Verify System Init and Boot Clients...
programmer '80363' : Finished: Thu Apr 06 14:57:03 2017 (Elapsed time 00:00:38)
programmer '80363' : Executing action PROGRAM PASSED.

                        o - o - o - o - o - o

The 'run_selected_actions' command succeeded.
Project saved.
The 'save_project' command succeeded.
Project closed.
