Microsemi Libero Software
Version: 11.7.3.8
Release: v11.7 SP3

Info: The design Dualshock.adb was last modified by software version 11.7.3.8.
Opened an existing Libero design Dualshock.adb.
'BA_NAME' set to 'Dualshock_ba'
'IDE_DESIGNERVIEW_NAME' set to 'Impl1'
'IDE_DESIGNERVIEW_COUNT' set to '1'
'IDE_DESIGNERVIEW_REV0' set to 'Impl1'
'IDE_DESIGNERVIEW_REVNUM0' set to '1'
'IDE_DESIGNERVIEW_ROOTDIR' set to
'C:\Users\Denny\Documents\Git\373-BumperBot\Dualshock\designer'
'IDE_DESIGNERVIEW_LASTREV' set to '1'
Wrote timing report to file: Dualshock_maxdelay_timing_report.txt

The Report command succeeded ( 00:00:03 )
Wrote timing report to file: Dualshock_mindelay_timing_report.txt

The Report command succeeded ( 00:00:00 )
Wrote timing_violations report to file: Dualshock_maxdelay_timingviolations_report.txt

The Report command succeeded ( 00:00:00 )
Wrote timing_violations report to file: Dualshock_mindelay_timingviolations_report.txt

The Report command succeeded ( 00:00:00 )
Design saved to file
C:\Users\Denny\Documents\Git\373-BumperBot\Dualshock\designer\impl1\Dualshock.adb.

The Execute Script command succeeded ( 00:00:07 )
Design closed.

